0 info it worked if it ends with ok
1 verbose cli [ 'node', '/usr/local/bin/npm', 'install', '--save', 'des' ]
2 info using npm@1.4.8
3 info using node@v0.11.12
4 verbose node symlink /usr/local/bin/node
5 warn package.json @ No description
6 warn package.json @ No repository field.
7 warn package.json @ No README data
8 verbose readDependencies using package.json deps
9 verbose cache add [ 'des', null ]
10 verbose cache add name=undefined spec="des" args=["des",null]
11 verbose parsed url { protocol: null,
11 verbose parsed url   slashes: null,
11 verbose parsed url   auth: null,
11 verbose parsed url   host: null,
11 verbose parsed url   port: null,
11 verbose parsed url   hostname: null,
11 verbose parsed url   hash: null,
11 verbose parsed url   search: null,
11 verbose parsed url   query: null,
11 verbose parsed url   pathname: 'des',
11 verbose parsed url   path: 'des',
11 verbose parsed url   href: 'des' }
12 silly lockFile e9d596e7-des des
13 verbose lock des /Users/mw/.npm/e9d596e7-des.lock
14 silly lockFile e9d596e7-des des
15 silly lockFile e9d596e7-des des
16 verbose addNamed [ 'des', '' ]
17 verbose addNamed [ null, '*' ]
18 silly lockFile 344873c9-des des@
19 verbose lock des@ /Users/mw/.npm/344873c9-des.lock
20 silly addNameRange { name: 'des', range: '*', hasData: false }
21 verbose url raw des
22 verbose url resolving [ 'https://registry.npmjs.org/', './des' ]
23 verbose url resolved https://registry.npmjs.org/des
24 info trying registry request attempt 1 at 19:45:48
25 http GET https://registry.npmjs.org/des
26 http 200 https://registry.npmjs.org/des
27 silly registry.get cb [ 200,
27 silly registry.get   { date: 'Sat, 25 Oct 2014 17:45:53 GMT',
27 silly registry.get     server: 'CouchDB/1.5.0 (Erlang OTP/R16B03)',
27 silly registry.get     etag: '"CHPCVU5W64UICT3NJ6P4F4T31"',
27 silly registry.get     'content-type': 'application/json',
27 silly registry.get     'cache-control': 'max-age=60',
27 silly registry.get     'content-length': '8169',
27 silly registry.get     'accept-ranges': 'bytes',
27 silly registry.get     via: '1.1 varnish',
27 silly registry.get     age: '0',
27 silly registry.get     'x-served-by': 'cache-lcy1130-LCY',
27 silly registry.get     'x-cache': 'MISS',
27 silly registry.get     'x-cache-hits': '0',
27 silly registry.get     'x-timer': 'S1414259152.879300,VS0,VE156',
27 silly registry.get     vary: 'Accept',
27 silly registry.get     connection: 'close' } ]
28 silly addNameRange number 2 { name: 'des', range: '*', hasData: true }
29 silly addNameRange versions [ 'des',
29 silly addNameRange   [ '1.0.0',
29 silly addNameRange     '1.0.1',
29 silly addNameRange     '2.0.1',
29 silly addNameRange     '2.0.2',
29 silly addNameRange     '2.0.3',
29 silly addNameRange     '3.0.0',
29 silly addNameRange     '3.0.1',
29 silly addNameRange     '3.0.2',
29 silly addNameRange     '3.1.0' ] ]
30 verbose addNamed [ 'des', '3.1.0' ]
31 verbose addNamed [ '3.1.0', '3.1.0' ]
32 silly lockFile 63f05d9d-des-3-1-0 des@3.1.0
33 verbose lock des@3.1.0 /Users/mw/.npm/63f05d9d-des-3-1-0.lock
34 silly lockFile 88232834-stry-npmjs-org-des-des-3-1-0-tgz https://registry.npmjs.org/des/-/des-3.1.0.tgz
35 verbose lock https://registry.npmjs.org/des/-/des-3.1.0.tgz /Users/mw/.npm/88232834-stry-npmjs-org-des-des-3-1-0-tgz.lock
36 verbose addRemoteTarball [ 'https://registry.npmjs.org/des/-/des-3.1.0.tgz',
36 verbose addRemoteTarball   '5b3d427918a286d026fe50214e841a860eaa68ec' ]
37 info retry fetch attempt 1 at 19:45:49
38 verbose fetch to= /var/folders/x5/pqwwyfs90qg3ct4vzjk2wvt00000gn/T/npm-3015-JTA13Auy/1414259149328-0.0036085706669837236/tmp.tgz
39 http GET https://registry.npmjs.org/des/-/des-3.1.0.tgz
40 http 200 https://registry.npmjs.org/des/-/des-3.1.0.tgz
41 verbose tar unpack /var/folders/x5/pqwwyfs90qg3ct4vzjk2wvt00000gn/T/npm-3015-JTA13Auy/1414259149328-0.0036085706669837236/tmp.tgz
42 silly lockFile b94eb21e-r-Users-mw-npm-des-3-1-0-package tar:///Users/mw/.npm/des/3.1.0/package
43 verbose lock tar:///Users/mw/.npm/des/3.1.0/package /Users/mw/.npm/b94eb21e-r-Users-mw-npm-des-3-1-0-package.lock
44 silly lockFile f67587fa-28-0-0036085706669837236-tmp-tgz tar:///var/folders/x5/pqwwyfs90qg3ct4vzjk2wvt00000gn/T/npm-3015-JTA13Auy/1414259149328-0.0036085706669837236/tmp.tgz
45 verbose lock tar:///var/folders/x5/pqwwyfs90qg3ct4vzjk2wvt00000gn/T/npm-3015-JTA13Auy/1414259149328-0.0036085706669837236/tmp.tgz /Users/mw/.npm/f67587fa-28-0-0036085706669837236-tmp-tgz.lock
46 silly gunzTarPerm modes [ '755', '644' ]
47 silly gunzTarPerm extractEntry test/
48 silly gunzTarPerm extractEntry test/challenge
49 silly gunzTarPerm extractEntry test/des.node
50 silly gunzTarPerm extractEntry test/response
51 silly gunzTarPerm extractEntry test/vnc-test.js~
52 silly gunzTarPerm extractEntry test/vnc-test.js
53 silly gunzTarPerm extractEntry test/des.js~
54 silly gunzTarPerm extractEntry test/des.js
55 silly gunzTarPerm extractEntry test/foo
56 silly gunzTarPerm extractEntry readme.txt
57 silly gunzTarPerm extractEntry src/
58 silly gunzTarPerm extractEntry src/d3des.h
59 silly gunzTarPerm extractEntry src/des-module.cpp
60 silly gunzTarPerm extractEntry src/d3des.cpp
61 silly gunzTarPerm extractEntry discovery/
62 silly gunzTarPerm extractEntry discovery/main.c
63 silly gunzTarPerm extractEntry package.json~
64 silly gunzTarPerm extractEntry binding.gyp
65 silly gunzTarPerm extractEntry wscript
66 silly gunzTarPerm extractEntry package.json
67 silly lockFile b94eb21e-r-Users-mw-npm-des-3-1-0-package tar:///Users/mw/.npm/des/3.1.0/package
68 silly lockFile b94eb21e-r-Users-mw-npm-des-3-1-0-package tar:///Users/mw/.npm/des/3.1.0/package
69 silly lockFile f67587fa-28-0-0036085706669837236-tmp-tgz tar:///var/folders/x5/pqwwyfs90qg3ct4vzjk2wvt00000gn/T/npm-3015-JTA13Auy/1414259149328-0.0036085706669837236/tmp.tgz
70 silly lockFile f67587fa-28-0-0036085706669837236-tmp-tgz tar:///var/folders/x5/pqwwyfs90qg3ct4vzjk2wvt00000gn/T/npm-3015-JTA13Auy/1414259149328-0.0036085706669837236/tmp.tgz
71 silly lockFile 88232834-stry-npmjs-org-des-des-3-1-0-tgz https://registry.npmjs.org/des/-/des-3.1.0.tgz
72 silly lockFile 88232834-stry-npmjs-org-des-des-3-1-0-tgz https://registry.npmjs.org/des/-/des-3.1.0.tgz
73 silly lockFile 63f05d9d-des-3-1-0 des@3.1.0
74 silly lockFile 63f05d9d-des-3-1-0 des@3.1.0
75 silly lockFile 344873c9-des des@
76 silly lockFile 344873c9-des des@
77 silly resolved [ { name: 'des',
77 silly resolved     version: '3.1.0',
77 silly resolved     main: 'build/Release/des.node',
77 silly resolved     description: 'A C++ module that does DES encryption.',
77 silly resolved     author:
77 silly resolved      { name: 'Peteris Krumins',
77 silly resolved        email: 'peteris.krumins@gmail.com',
77 silly resolved        url: 'http://www.catonmat.net' },
77 silly resolved     keywords: [ 'des', 'encrypt', 'encryption' ],
77 silly resolved     licenses: 'GPL',
77 silly resolved     repository: { type: 'git', url: 'http://github.com/pkrumins/node-des.git' },
77 silly resolved     engines: { node: '>=0.6.0' },
77 silly resolved     scripts: { install: 'node-gyp rebuild' },
77 silly resolved     gypfile: true,
77 silly resolved     readme: 'This is a node.js module, written in C++, that DES encrypts given buffer\r\nwith the given key. And it actually works, compared to nonsense output that\r\nnode.js\'s crypto module produced.\r\n\r\nIt was written by Peteris Krumins (peter@catonmat.net).\r\nHis blog is at http://www.catonmat.net  --  good coders code, great reuse.\r\n\r\n------------------------------------------------------------------------------\r\n\r\nAbout\r\n-----\r\n\r\nI wrote this module so that I could add VNC Authentication in node-rfb module.\r\nDon\'t use it for anything else cause DES is completely broken and can be\r\ncracked in a day.\r\n\r\n\r\nHow to use it?\r\n--------------\r\n\r\n    var ecnrypted_data = require(\'des\').encrypt(key, data_buffer);\r\n\r\nNote: data_buffer\'s length must be a multiple of 8.\r\n\r\n\r\nHow to compile?\r\n---------------\r\n\r\n    node-waf configure build\r\n\r\n\r\n------------------------------------------------------------------------------\r\n\r\nHave fun encrypting. Not. (Don\'t use this module for encryption.)\r\n\r\n\r\nSincerely,\r\nPeteris Krumins\r\nhttp://www.catonmat.net\r\n\r\n',
77 silly resolved     readmeFilename: 'readme.txt',
77 silly resolved     bugs: { url: 'https://github.com/pkrumins/node-des/issues' },
77 silly resolved     homepage: 'https://github.com/pkrumins/node-des',
77 silly resolved     _id: 'des@3.1.0',
77 silly resolved     _shasum: '5b3d427918a286d026fe50214e841a860eaa68ec',
77 silly resolved     _from: 'des@',
77 silly resolved     _resolved: 'https://registry.npmjs.org/des/-/des-3.1.0.tgz' } ]
78 info install des@3.1.0 into /Users/mw/Projekte/node/vincy-server
79 info installOne des@3.1.0
80 info /Users/mw/Projekte/node/vincy-server/node_modules/des unbuild
81 verbose tar unpack /Users/mw/.npm/des/3.1.0/package.tgz
82 silly lockFile 2fcc2852-de-vincy-server-node-modules-des tar:///Users/mw/Projekte/node/vincy-server/node_modules/des
83 verbose lock tar:///Users/mw/Projekte/node/vincy-server/node_modules/des /Users/mw/.npm/2fcc2852-de-vincy-server-node-modules-des.lock
84 silly lockFile 2199b603-ers-mw-npm-des-3-1-0-package-tgz tar:///Users/mw/.npm/des/3.1.0/package.tgz
85 verbose lock tar:///Users/mw/.npm/des/3.1.0/package.tgz /Users/mw/.npm/2199b603-ers-mw-npm-des-3-1-0-package-tgz.lock
86 silly gunzTarPerm modes [ '755', '644' ]
87 silly gunzTarPerm extractEntry test/
88 silly gunzTarPerm extractEntry test/challenge
89 silly gunzTarPerm extractEntry test/des.node
90 silly gunzTarPerm extractEntry test/response
91 silly gunzTarPerm extractEntry test/vnc-test.js~
92 silly gunzTarPerm extractEntry test/vnc-test.js
93 silly gunzTarPerm extractEntry test/des.js~
94 silly gunzTarPerm extractEntry test/des.js
95 silly gunzTarPerm extractEntry test/foo
96 silly gunzTarPerm extractEntry readme.txt
97 silly gunzTarPerm extractEntry src/
98 silly gunzTarPerm extractEntry src/d3des.h
99 silly gunzTarPerm extractEntry src/des-module.cpp
100 silly gunzTarPerm extractEntry src/d3des.cpp
101 silly gunzTarPerm extractEntry discovery/
102 silly gunzTarPerm extractEntry discovery/main.c
103 silly gunzTarPerm extractEntry package.json~
104 silly gunzTarPerm extractEntry binding.gyp
105 silly gunzTarPerm extractEntry wscript
106 silly gunzTarPerm extractEntry package.json
107 silly lockFile 2fcc2852-de-vincy-server-node-modules-des tar:///Users/mw/Projekte/node/vincy-server/node_modules/des
108 silly lockFile 2fcc2852-de-vincy-server-node-modules-des tar:///Users/mw/Projekte/node/vincy-server/node_modules/des
109 silly lockFile 2199b603-ers-mw-npm-des-3-1-0-package-tgz tar:///Users/mw/.npm/des/3.1.0/package.tgz
110 silly lockFile 2199b603-ers-mw-npm-des-3-1-0-package-tgz tar:///Users/mw/.npm/des/3.1.0/package.tgz
111 info preinstall des@3.1.0
112 verbose readDependencies using package.json deps
113 verbose readDependencies using package.json deps
114 silly resolved []
115 verbose about to build /Users/mw/Projekte/node/vincy-server/node_modules/des
116 info build /Users/mw/Projekte/node/vincy-server/node_modules/des
117 verbose linkStuff [ false,
117 verbose linkStuff   false,
117 verbose linkStuff   false,
117 verbose linkStuff   '/Users/mw/Projekte/node/vincy-server/node_modules' ]
118 info linkStuff des@3.1.0
119 verbose linkBins des@3.1.0
120 verbose linkMans des@3.1.0
121 verbose rebuildBundles des@3.1.0
122 info install des@3.1.0
123 verbose unsafe-perm in lifecycle true
124 info des@3.1.0 Failed to exec install script
125 info /Users/mw/Projekte/node/vincy-server/node_modules/des unbuild
126 info preuninstall des@3.1.0
127 info uninstall des@3.1.0
128 verbose true,/Users/mw/Projekte/node/vincy-server/node_modules,/Users/mw/Projekte/node/vincy-server/node_modules unbuild des@3.1.0
129 info postuninstall des@3.1.0
130 error des@3.1.0 install: `node-gyp rebuild`
130 error Exit status 1
131 error Failed at the des@3.1.0 install script.
131 error This is most likely a problem with the des package,
131 error not with npm itself.
131 error Tell the author that this fails on your system:
131 error     node-gyp rebuild
131 error You can get their info via:
131 error     npm owner ls des
131 error There is likely additional logging output above.
132 error System Darwin 13.4.0
133 error command "node" "/usr/local/bin/npm" "install" "--save" "des"
134 error cwd /Users/mw/Projekte/node/vincy-server
135 error node -v v0.11.12
136 error npm -v 1.4.8
137 error code ELIFECYCLE
138 verbose exit [ 1, true ]
